<?xml version="1.0" encoding="UTF-8"?>
<testsuite xmlns:xsi="http://www.w3.org/2001/XMLSchema-instance" xsi:noNamespaceSchemaLocation="https://maven.apache.org/surefire/maven-surefire-plugin/xsd/surefire-test-report-3.0.xsd" version="3.0" name="com.codtech.recommendation.AppTest" time="0.097" tests="1" errors="0" skipped="0" failures="0">
  <properties>
    <property name="java.specification.version" value="17"/>
    <property name="sun.cpu.isalist" value="amd64"/>
    <property name="sun.jnu.encoding" value="Cp1252"/>
    <property name="java.class.path" value="D:\RecommendationSystem\target\test-classes;D:\RecommendationSystem\target\classes;C:\Users\dasar\.m2\repository\org\apache\mahout\mahout-core\0.9\mahout-core-0.9.jar;C:\Users\dasar\.m2\repository\org\apache\mahout\mahout-math\0.9\mahout-math-0.9.jar;C:\Users\dasar\.m2\repository\com\google\guava\guava\16.0\guava-16.0.jar;C:\Users\dasar\.m2\repository\org\codehaus\jackson\jackson-core-asl\1.9.12\jackson-core-asl-1.9.12.jar;C:\Users\dasar\.m2\repository\org\codehaus\jackson\jackson-mapper-asl\1.9.12\jackson-mapper-asl-1.9.12.jar;C:\Users\dasar\.m2\repository\org\apache\commons\commons-lang3\3.1\commons-lang3-3.1.jar;C:\Users\dasar\.m2\repository\com\thoughtworks\xstream\xstream\1.4.4\xstream-1.4.4.jar;C:\Users\dasar\.m2\repository\xmlpull\xmlpull\1.1.3.1\xmlpull-1.1.3.1.jar;C:\Users\dasar\.m2\repository\xpp3\xpp3_min\1.1.4c\xpp3_min-1.1.4c.jar;C:\Users\dasar\.m2\repository\org\apache\lucene\lucene-core\4.6.1\lucene-core-4.6.1.jar;C:\Users\dasar\.m2\repository\org\apache\lucene\lucene-analyzers-common\4.6.1\lucene-analyzers-common-4.6.1.jar;C:\Users\dasar\.m2\repository\org\apache\mahout\commons\commons-cli\2.0-mahout\commons-cli-2.0-mahout.jar;C:\Users\dasar\.m2\repository\org\apache\commons\commons-math3\3.2\commons-math3-3.2.jar;C:\Users\dasar\.m2\repository\org\apache\solr\solr-commons-csv\3.5.0\solr-commons-csv-3.5.0.jar;C:\Users\dasar\.m2\repository\org\apache\hadoop\hadoop-core\1.2.1\hadoop-core-1.2.1.jar;C:\Users\dasar\.m2\repository\commons-cli\commons-cli\1.2\commons-cli-1.2.jar;C:\Users\dasar\.m2\repository\com\sun\jersey\jersey-core\1.8\jersey-core-1.8.jar;C:\Users\dasar\.m2\repository\com\sun\jersey\jersey-json\1.8\jersey-json-1.8.jar;C:\Users\dasar\.m2\repository\org\codehaus\jettison\jettison\1.1\jettison-1.1.jar;C:\Users\dasar\.m2\repository\stax\stax-api\1.0.1\stax-api-1.0.1.jar;C:\Users\dasar\.m2\repository\com\sun\xml\bind\jaxb-impl\2.2.3-1\jaxb-impl-2.2.3-1.jar;C:\Users\dasar\.m2\repository\javax\xml\bind\jaxb-api\2.2.2\jaxb-api-2.2.2.jar;C:\Users\dasar\.m2\repository\javax\xml\stream\stax-api\1.0-2\stax-api-1.0-2.jar;C:\Users\dasar\.m2\repository\javax\activation\activation\1.1\activation-1.1.jar;C:\Users\dasar\.m2\repository\org\codehaus\jackson\jackson-jaxrs\1.7.1\jackson-jaxrs-1.7.1.jar;C:\Users\dasar\.m2\repository\org\codehaus\jackson\jackson-xc\1.7.1\jackson-xc-1.7.1.jar;C:\Users\dasar\.m2\repository\com\sun\jersey\jersey-server\1.8\jersey-server-1.8.jar;C:\Users\dasar\.m2\repository\asm\asm\3.1\asm-3.1.jar;C:\Users\dasar\.m2\repository\commons-io\commons-io\2.1\commons-io-2.1.jar;C:\Users\dasar\.m2\repository\commons-httpclient\commons-httpclient\3.0.1\commons-httpclient-3.0.1.jar;C:\Users\dasar\.m2\repository\commons-logging\commons-logging\1.0.3\commons-logging-1.0.3.jar;C:\Users\dasar\.m2\repository\commons-codec\commons-codec\1.4\commons-codec-1.4.jar;C:\Users\dasar\.m2\repository\org\apache\commons\commons-math\2.1\commons-math-2.1.jar;C:\Users\dasar\.m2\repository\commons-configuration\commons-configuration\1.6\commons-configuration-1.6.jar;C:\Users\dasar\.m2\repository\commons-collections\commons-collections\3.2.1\commons-collections-3.2.1.jar;C:\Users\dasar\.m2\repository\commons-lang\commons-lang\2.4\commons-lang-2.4.jar;C:\Users\dasar\.m2\repository\commons-digester\commons-digester\1.8\commons-digester-1.8.jar;C:\Users\dasar\.m2\repository\commons-beanutils\commons-beanutils\1.7.0\commons-beanutils-1.7.0.jar;C:\Users\dasar\.m2\repository\commons-beanutils\commons-beanutils-core\1.8.0\commons-beanutils-core-1.8.0.jar;C:\Users\dasar\.m2\repository\commons-net\commons-net\1.4.1\commons-net-1.4.1.jar;C:\Users\dasar\.m2\repository\commons-el\commons-el\1.0\commons-el-1.0.jar;C:\Users\dasar\.m2\repository\org\slf4j\slf4j-api\1.7.25\slf4j-api-1.7.25.jar;C:\Users\dasar\.m2\repository\org\slf4j\slf4j-simple\1.7.25\slf4j-simple-1.7.25.jar;C:\Users\dasar\.m2\repository\junit\junit\4.13.2\junit-4.13.2.jar;C:\Users\dasar\.m2\repository\org\hamcrest\hamcrest-core\1.3\hamcrest-core-1.3.jar;"/>
    <property name="java.vm.vendor" value="Oracle Corporation"/>
    <property name="sun.arch.data.model" value="64"/>
    <property name="user.variant" value=""/>
    <property name="java.vendor.url" value="https://java.oracle.com/"/>
    <property name="user.timezone" value="Asia/Calcutta"/>
    <property name="os.name" value="Windows 11"/>
    <property name="java.vm.specification.version" value="17"/>
    <property name="sun.java.launcher" value="SUN_STANDARD"/>
    <property name="user.country" value="IN"/>
    <property name="sun.boot.library.path" value="C:\Program Files\Java\jdk-17\bin"/>
    <property name="sun.java.command" value="C:\Users\dasar\AppData\Local\Temp\surefire8161927492389312968\surefirebooter-20250513233803743_3.jar C:\Users\dasar\AppData\Local\Temp\surefire8161927492389312968 2025-05-13T23-38-03_307-jvmRun1 surefire-20250513233803743_1tmp surefire_0-20250513233803743_2tmp"/>
    <property name="jdk.debug" value="release"/>
    <property name="surefire.test.class.path" value="D:\RecommendationSystem\target\test-classes;D:\RecommendationSystem\target\classes;C:\Users\dasar\.m2\repository\org\apache\mahout\mahout-core\0.9\mahout-core-0.9.jar;C:\Users\dasar\.m2\repository\org\apache\mahout\mahout-math\0.9\mahout-math-0.9.jar;C:\Users\dasar\.m2\repository\com\google\guava\guava\16.0\guava-16.0.jar;C:\Users\dasar\.m2\repository\org\codehaus\jackson\jackson-core-asl\1.9.12\jackson-core-asl-1.9.12.jar;C:\Users\dasar\.m2\repository\org\codehaus\jackson\jackson-mapper-asl\1.9.12\jackson-mapper-asl-1.9.12.jar;C:\Users\dasar\.m2\repository\org\apache\commons\commons-lang3\3.1\commons-lang3-3.1.jar;C:\Users\dasar\.m2\repository\com\thoughtworks\xstream\xstream\1.4.4\xstream-1.4.4.jar;C:\Users\dasar\.m2\repository\xmlpull\xmlpull\1.1.3.1\xmlpull-1.1.3.1.jar;C:\Users\dasar\.m2\repository\xpp3\xpp3_min\1.1.4c\xpp3_min-1.1.4c.jar;C:\Users\dasar\.m2\repository\org\apache\lucene\lucene-core\4.6.1\lucene-core-4.6.1.jar;C:\Users\dasar\.m2\repository\org\apache\lucene\lucene-analyzers-common\4.6.1\lucene-analyzers-common-4.6.1.jar;C:\Users\dasar\.m2\repository\org\apache\mahout\commons\commons-cli\2.0-mahout\commons-cli-2.0-mahout.jar;C:\Users\dasar\.m2\repository\org\apache\commons\commons-math3\3.2\commons-math3-3.2.jar;C:\Users\dasar\.m2\repository\org\apache\solr\solr-commons-csv\3.5.0\solr-commons-csv-3.5.0.jar;C:\Users\dasar\.m2\repository\org\apache\hadoop\hadoop-core\1.2.1\hadoop-core-1.2.1.jar;C:\Users\dasar\.m2\repository\commons-cli\commons-cli\1.2\commons-cli-1.2.jar;C:\Users\dasar\.m2\repository\com\sun\jersey\jersey-core\1.8\jersey-core-1.8.jar;C:\Users\dasar\.m2\repository\com\sun\jersey\jersey-json\1.8\jersey-json-1.8.jar;C:\Users\dasar\.m2\repository\org\codehaus\jettison\jettison\1.1\jettison-1.1.jar;C:\Users\dasar\.m2\repository\stax\stax-api\1.0.1\stax-api-1.0.1.jar;C:\Users\dasar\.m2\repository\com\sun\xml\bind\jaxb-impl\2.2.3-1\jaxb-impl-2.2.3-1.jar;C:\Users\dasar\.m2\repository\javax\xml\bind\jaxb-api\2.2.2\jaxb-api-2.2.2.jar;C:\Users\dasar\.m2\repository\javax\xml\stream\stax-api\1.0-2\stax-api-1.0-2.jar;C:\Users\dasar\.m2\repository\javax\activation\activation\1.1\activation-1.1.jar;C:\Users\dasar\.m2\repository\org\codehaus\jackson\jackson-jaxrs\1.7.1\jackson-jaxrs-1.7.1.jar;C:\Users\dasar\.m2\repository\org\codehaus\jackson\jackson-xc\1.7.1\jackson-xc-1.7.1.jar;C:\Users\dasar\.m2\repository\com\sun\jersey\jersey-server\1.8\jersey-server-1.8.jar;C:\Users\dasar\.m2\repository\asm\asm\3.1\asm-3.1.jar;C:\Users\dasar\.m2\repository\commons-io\commons-io\2.1\commons-io-2.1.jar;C:\Users\dasar\.m2\repository\commons-httpclient\commons-httpclient\3.0.1\commons-httpclient-3.0.1.jar;C:\Users\dasar\.m2\repository\commons-logging\commons-logging\1.0.3\commons-logging-1.0.3.jar;C:\Users\dasar\.m2\repository\commons-codec\commons-codec\1.4\commons-codec-1.4.jar;C:\Users\dasar\.m2\repository\org\apache\commons\commons-math\2.1\commons-math-2.1.jar;C:\Users\dasar\.m2\repository\commons-configuration\commons-configuration\1.6\commons-configuration-1.6.jar;C:\Users\dasar\.m2\repository\commons-collections\commons-collections\3.2.1\commons-collections-3.2.1.jar;C:\Users\dasar\.m2\repository\commons-lang\commons-lang\2.4\commons-lang-2.4.jar;C:\Users\dasar\.m2\repository\commons-digester\commons-digester\1.8\commons-digester-1.8.jar;C:\Users\dasar\.m2\repository\commons-beanutils\commons-beanutils\1.7.0\commons-beanutils-1.7.0.jar;C:\Users\dasar\.m2\repository\commons-beanutils\commons-beanutils-core\1.8.0\commons-beanutils-core-1.8.0.jar;C:\Users\dasar\.m2\repository\commons-net\commons-net\1.4.1\commons-net-1.4.1.jar;C:\Users\dasar\.m2\repository\commons-el\commons-el\1.0\commons-el-1.0.jar;C:\Users\dasar\.m2\repository\org\slf4j\slf4j-api\1.7.25\slf4j-api-1.7.25.jar;C:\Users\dasar\.m2\repository\org\slf4j\slf4j-simple\1.7.25\slf4j-simple-1.7.25.jar;C:\Users\dasar\.m2\repository\junit\junit\4.13.2\junit-4.13.2.jar;C:\Users\dasar\.m2\repository\org\hamcrest\hamcrest-core\1.3\hamcrest-core-1.3.jar;"/>
    <property name="sun.cpu.endian" value="little"/>
    <property name="user.home" value="C:\Users\dasar"/>
    <property name="user.language" value="en"/>
    <property name="java.specification.vendor" value="Oracle Corporation"/>
    <property name="java.version.date" value="2024-07-16"/>
    <property name="java.home" value="C:\Program Files\Java\jdk-17"/>
    <property name="file.separator" value="\"/>
    <property name="basedir" value="D:\RecommendationSystem"/>
    <property name="java.vm.compressedOopsMode" value="32-bit"/>
    <property name="line.separator" value="&#10;"/>
    <property name="java.vm.specification.vendor" value="Oracle Corporation"/>
    <property name="java.specification.name" value="Java Platform API Specification"/>
    <property name="surefire.real.class.path" value="C:\Users\dasar\AppData\Local\Temp\surefire8161927492389312968\surefirebooter-20250513233803743_3.jar"/>
    <property name="user.script" value=""/>
    <property name="sun.management.compiler" value="HotSpot 64-Bit Tiered Compilers"/>
    <property name="java.runtime.version" value="17.0.12+8-LTS-286"/>
    <property name="user.name" value="dasar"/>
    <property name="path.separator" value=";"/>
    <property name="os.version" value="10.0"/>
    <property name="java.runtime.name" value="Java(TM) SE Runtime Environment"/>
    <property name="file.encoding" value="Cp1252"/>
    <property name="java.vm.name" value="Java HotSpot(TM) 64-Bit Server VM"/>
    <property name="localRepository" value="C:\Users\dasar\.m2\repository"/>
    <property name="java.vendor.url.bug" value="https://bugreport.java.com/bugreport/"/>
    <property name="java.io.tmpdir" value="C:\Users\dasar\AppData\Local\Temp\"/>
    <property name="java.version" value="17.0.12"/>
    <property name="user.dir" value="D:\RecommendationSystem"/>
    <property name="os.arch" value="amd64"/>
    <property name="java.vm.specification.name" value="Java Virtual Machine Specification"/>
    <property name="sun.os.patch.level" value=""/>
    <property name="native.encoding" value="Cp1252"/>
    <property name="java.library.path" value="C:\Program Files\Java\jdk-17\bin;C:\WINDOWS\Sun\Java\bin;C:\WINDOWS\system32;C:\WINDOWS;C:\Program Files\Common Files\Oracle\Java\javapath;C:\WINDOWS\system32;C:\WINDOWS;C:\WINDOWS\System32\Wbem;C:\WINDOWS\System32\WindowsPowerShell\v1.0\;C:\WINDOWS\System32\OpenSSH\;C:\Program Files\Git\cmd;C:\Program Files\Apache\Maven\apache-maven-3.9.9\bin;C:\Users\dasar\AppData\Local\Programs\Python\Python37\Scripts\;C:\Users\dasar\AppData\Local\Programs\Python\Python37\;C:\Users\dasar\AppData\Local\Microsoft\WindowsApps;C:\Users\dasar\AppData\Local\Programs\Microsoft VS Code\bin;C:\Program Files\Java\jdk-17\bin;C:\WINDOWS\system32;C:\WINDOWS;C:\WINDOWS\System32\Wbem;C:\WINDOWS\System32\WindowsPowerShell\v1.0\;C:\WINDOWS\System32\OpenSSH\;C:\Program Files\Git\cmd;C:\Program Files\Apache\Maven\apache-maven-3.9.6\bin;C:\Program Files\Apache\Maven\bin;C:\Users\dasar\AppData\Local\Programs\Python\Python37\Scripts\;C:\Users\dasar\AppData\Local\Programs\Python\Python37\;C:\Users\dasar\AppData\Local\Microsoft\WindowsApps;C:\Users\dasar\AppData\Local\Programs\Microsoft VS Code\bin;C:\Program Files\Apache\Maven\bin;."/>
    <property name="java.vm.info" value="mixed mode, sharing"/>
    <property name="java.vendor" value="Oracle Corporation"/>
    <property name="java.vm.version" value="17.0.12+8-LTS-286"/>
    <property name="sun.io.unicode.encoding" value="UnicodeLittle"/>
    <property name="java.class.version" value="61.0"/>
  </properties>
  <testcase name="testApp" classname="com.codtech.recommendation.AppTest" time="0.0"/>
</testsuite>